<?xml version="1.0" encoding="UTF-8"?>
<testng-results skipped="0" failed="0" ignored="0" total="1" passed="1">
  <reporter-output>
  </reporter-output>
  <suite name="docker" duration-ms="22459" started-at="2022-11-29T15:59:29 MEZ" finished-at="2022-11-29T15:59:51 MEZ">
    <groups>
    </groups>
    <test name="dockertest" duration-ms="22459" started-at="2022-11-29T15:59:29 MEZ" finished-at="2022-11-29T15:59:51 MEZ">
      <class name="docker.Test2">
        <test-method status="PASS" signature="test1()[pri:0, instance:docker.Test2@5981f4a6]" name="test1" duration-ms="2402" started-at="2022-11-29T15:59:44 MEZ" finished-at="2022-11-29T15:59:46 MEZ">
          <reporter-output>
          </reporter-output>
        </test-method> <!-- test1 -->
      </class> <!-- docker.Test2 -->
      <class name="docker.DockerStartStop">
        <test-method status="PASS" signature="startDockerGrid()[pri:0, instance:docker.DockerStartStop@d5af0a5]" name="startDockerGrid" is-config="true" duration-ms="15019" started-at="2022-11-29T15:59:29 MEZ" finished-at="2022-11-29T15:59:44 MEZ">
          <reporter-output>
          </reporter-output>
        </test-method> <!-- startDockerGrid -->
        <test-method status="PASS" signature="stopDockerGrid()[pri:0, instance:docker.DockerStartStop@d5af0a5]" name="stopDockerGrid" is-config="true" duration-ms="5017" started-at="2022-11-29T15:59:46 MEZ" finished-at="2022-11-29T15:59:51 MEZ">
          <reporter-output>
          </reporter-output>
        </test-method> <!-- stopDockerGrid -->
      </class> <!-- docker.DockerStartStop -->
    </test> <!-- dockertest -->
  </suite> <!-- docker -->
</testng-results>
